<?xml version="1.0" encoding="UTF-8"?>
<!-- Generated by org.testng.reporters.JUnitReportReporter -->
<testsuite hostname="NODE439" name="com.maven.test.MavenDemo" tests="1" failures="0" timestamp="2 Nov 2015 11:00:32 GMT" time="100.788" errors="0">
  <testcase name="testGmailLogin" time="100.788" classname="com.maven.test.MavenDemo"/>
</testsuite> <!-- com.maven.test.MavenDemo -->
