<?xml version="1.0" encoding="UTF-8"?>
<!-- Generated by org.testng.reporters.JUnitReportReporter -->
<testsuite hostname="NODE439" name="com.maven.test.IRCTCpom" tests="1" failures="0" timestamp="10 Nov 2015 07:22:45 GMT" time="19.715" errors="0">
  <testcase name="testIRCTC" time="19.715" classname="com.maven.test.IRCTCpom"/>
</testsuite> <!-- com.maven.test.IRCTCpom -->
