<?xml version="1.0" encoding="UTF-8"?>
<!-- Generated by org.testng.reporters.JUnitReportReporter -->
<testsuite hostname="NODE439" name="com.maven.test.ParallelTest" tests="6" failures="0" timestamp="6 Nov 2015 07:41:15 GMT" time="57.097" errors="0">
  <testcase name="getLinks" time="5.036" classname="com.maven.test.ParallelTest"/>
  <testcase name="test" time="10.964" classname="com.maven.test.ParallelTest"/>
  <testcase name="openBrowsers" time="11.747" classname="com.maven.test.ParallelTest"/>
  <testcase name="getLinks" time="11.208" classname="com.maven.test.ParallelTest"/>
  <testcase name="openBrowsers" time="3.898" classname="com.maven.test.ParallelTest"/>
  <testcase name="test" time="14.244" classname="com.maven.test.ParallelTest"/>
</testsuite> <!-- com.maven.test.ParallelTest -->
