<?xml version="1.0" encoding="UTF-8"?>
<!-- Generated by org.testng.reporters.JUnitReportReporter -->
<testsuite hostname="NODE439" name="com.maven.test.KohlsTest1" tests="2" failures="0" timestamp="3 Nov 2015 10:52:46 GMT" time="31.946" errors="0">
  <testcase name="assertJeansTextURL" time="12.442" classname="com.maven.test.KohlsTest1"/>
  <testcase name="assertMenTextURL" time="19.504" classname="com.maven.test.KohlsTest1"/>
</testsuite> <!-- com.maven.test.KohlsTest1 -->
