<?xml version="1.0" encoding="UTF-8"?>
<!-- Generated by org.testng.reporters.JUnitReportReporter -->
<testsuite hostname="NODE439" name="com.maven.test.KohlsTest2" tests="2" failures="0" timestamp="3 Nov 2015 10:52:46 GMT" time="66.464" errors="0">
  <testcase name="assertMenTextURL" time="28.410" classname="com.maven.test.KohlsTest2"/>
  <testcase name="assertJeansTextURL" time="38.054" classname="com.maven.test.KohlsTest2"/>
</testsuite> <!-- com.maven.test.KohlsTest2 -->
