<?xml version="1.0" encoding="UTF-8"?>
<!-- Generated by org.testng.reporters.JUnitReportReporter -->
<testsuite hostname="NODE439" name="com.maven.test.testngAnnotationTest2" tests="2" failures="0" timestamp="3 Nov 2015 08:06:02 GMT" time="0.000" errors="0">
  <testcase name="test1" time="0.000" classname="com.maven.test.testngAnnotationTest2"/>
  <testcase name="test2" time="0.000" classname="com.maven.test.testngAnnotationTest2"/>
</testsuite> <!-- com.maven.test.testngAnnotationTest2 -->
