<?xml version="1.0" encoding="UTF-8"?>
<!-- Generated by org.testng.reporters.JUnitReportReporter -->
<testsuite hostname="NODE439" name="com.maven.test.MacysRandomTest" tests="4" failures="0" timestamp="6 Nov 2015 06:36:26 GMT" time="40.539" errors="0">
  <testcase name="checkFilterLink" time="17.098" classname="com.maven.test.MacysRandomTest"/>
  <testcase name="test" time="8.559" classname="com.maven.test.MacysRandomTest"/>
  <testcase name="lefrArrowClickAndCheck" time="7.401" classname="com.maven.test.MacysRandomTest"/>
  <testcase name="rightArrowClickAndCheck" time="7.481" classname="com.maven.test.MacysRandomTest"/>
</testsuite> <!-- com.maven.test.MacysRandomTest -->
