<?xml version="1.0" encoding="UTF-8"?>
<!-- Generated by org.testng.reporters.JUnitReportReporter -->
<testsuite hostname="NODE439" name="com.maven.test.kohlsRandomTest" tests="4" failures="0" timestamp="5 Nov 2015 05:09:02 GMT" time="56.558" errors="0">
  <testcase name="lefrArrowClickAndCheck" time="7.245" classname="com.maven.test.kohlsRandomTest"/>
  <testcase name="test" time="8.230" classname="com.maven.test.kohlsRandomTest"/>
  <testcase name="checkFilterLink" time="27.456" classname="com.maven.test.kohlsRandomTest"/>
  <testcase name="rightArrowClickAndCheck" time="13.627" classname="com.maven.test.kohlsRandomTest"/>
</testsuite> <!-- com.maven.test.kohlsRandomTest -->
