<?xml version="1.0" encoding="UTF-8"?>
<!-- Generated by org.testng.reporters.JUnitReportReporter -->
<testsuite hostname="NODE439" name="com.maven.test.DataProviderTest" tests="4" failures="0" timestamp="9 Nov 2015 06:12:37 GMT" time="37.398" errors="0">
  <testcase name="testLogin" time="7.100" classname="com.maven.test.DataProviderTest"/>
  <testcase name="testLogin" time="7.037" classname="com.maven.test.DataProviderTest"/>
  <testcase name="test" time="16.234" classname="com.maven.test.DataProviderTest"/>
  <testcase name="testLogin" time="7.027" classname="com.maven.test.DataProviderTest"/>
</testsuite> <!-- com.maven.test.DataProviderTest -->
