<?xml version="1.0" encoding="UTF-8"?>
<!-- Generated by org.testng.reporters.JUnitReportReporter -->
<testsuite hostname="NODE439" name="com.maven.test.JuniperExcel" tests="1" failures="0" timestamp="12 Nov 2015 05:43:09 GMT" time="30.387" errors="0">
  <testcase name="myTest" time="30.387" classname="com.maven.test.JuniperExcel"/>
</testsuite> <!-- com.maven.test.JuniperExcel -->
